<?xml version="1.0" encoding="UTF-8"?>
<!-- Generated by org.testng.reporters.JUnitXMLReporter -->
<testsuite ignored="0" hostname="bhagyak" failures="0" tests="4" name="Car Model and Price Test" time="32.37" errors="0" timestamp="2024-12-16T09:20:53 IST">
  <testcase classname="testcases.CarModelAndPriceTest" name="getCarModelAndPriceTest" time="8.769"/>
  <testcase classname="testcases.CarModelAndPriceTest" name="getCarModelAndPriceTest" time="11.059"/>
  <testcase classname="testcases.CarModelAndPriceTest" name="getCarModelAndPriceTest" time="12.408"/>
  <testcase classname="testcases.CarModelAndPriceTest" name="getCarModelAndPriceTest" time="0.006">
    <skipped/>
  </testcase> <!-- getCarModelAndPriceTest -->
</testsuite> <!-- Car Model and Price Test -->
