<?xml version="1.0" encoding="UTF-8"?>
<!-- Generated by org.testng.reporters.JUnitXMLReporter -->
<testsuite ignored="0" hostname="bhagyak" failures="0" tests="4" name="Find New Cars Test" time="25.22" errors="0" timestamp="2024-12-16T09:20:21 IST">
  <testcase classname="testcases.FindNewCarsTest" name="findNewCarTest" time="6.219"/>
  <testcase classname="testcases.FindNewCarsTest" name="findNewCarTest" time="8.766"/>
  <testcase classname="testcases.FindNewCarsTest" name="findNewCarTest" time="10.047"/>
  <testcase classname="testcases.FindNewCarsTest" name="findNewCarTest" time="0.009">
    <skipped/>
  </testcase> <!-- findNewCarTest -->
</testsuite> <!-- Find New Cars Test -->
